# JRE version: Java(TM) SE Runtime Environment (8.0_202-b08) (build 1.8.0_202-b08)
# Java VM: Java HotSpot(TM) 64-Bit Server VM (25.202-b08 mixed mode windows-amd64 compressed oops)
Heap:
 PSYoungGen      total 324608K, used 70056K [0x000000076c400000, 0x0000000785900000, 0x00000007c0000000)
  eden space 246272K, 15% used [0x000000076c400000,0x000000076e9cd090,0x000000077b480000)
  from space 78336K, 40% used [0x000000077b480000,0x000000077d31d048,0x0000000780100000)
  to   space 66560K, 0% used [0x0000000780100000,0x0000000780100000,0x0000000784200000)
 ParOldGen       total 335360K, used 171789K [0x00000006c4c00000, 0x00000006d9380000, 0x000000076c400000)
  object space 335360K, 51% used [0x00000006c4c00000,0x00000006cf3c3620,0x00000006d9380000)
 Metaspace       used 4233K, capacity 4736K, committed 4864K, reserved 1056768K
  class space    used 443K, capacity 496K, committed 512K, reserved 1048576K
GC Heap History (10 events):
Event: 0.366 GC heap before
{Heap before GC invocations=4 (full 0):
 PSYoungGen      total 75264K, used 75240K [0x000000076c400000, 0x0000000775700000, 0x00000007c0000000)
  eden space 64512K, 100% used [0x000000076c400000,0x0000000770300000,0x0000000770300000)
  from space 10752K, 99% used [0x0000000770300000,0x0000000770d7a3a8,0x0000000770d80000)
  to   space 10752K, 0% used [0x0000000774c80000,0x0000000774c80000,0x0000000775700000)
 ParOldGen       total 172032K, used 12980K [0x00000006c4c00000, 0x00000006cf400000, 0x000000076c400000)
  object space 172032K, 7% used [0x00000006c4c00000,0x00000006c58ad370,0x00000006cf400000)
 Metaspace       used 3631K, capacity 4664K, committed 4864K, reserved 1056768K
  class space    used 378K, capacity 424K, committed 512K, reserved 1048576K
Event: 0.381 GC heap after
Heap after GC invocations=4 (full 0):
 PSYoungGen      total 139776K, used 10744K [0x000000076c400000, 0x0000000775700000, 0x00000007c0000000)
  eden space 129024K, 0% used [0x000000076c400000,0x000000076c400000,0x0000000774200000)
  from space 10752K, 99% used [0x0000000774c80000,0x00000007756fe0f0,0x0000000775700000)
  to   space 10752K, 0% used [0x0000000774200000,0x0000000774200000,0x0000000774c80000)
 ParOldGen       total 172032K, used 39335K [0x00000006c4c00000, 0x00000006cf400000, 0x000000076c400000)
  object space 172032K, 22% used [0x00000006c4c00000,0x00000006c7269f58,0x00000006cf400000)
 Metaspace       used 3631K, capacity 4664K, committed 4864K, reserved 1056768K
  class space    used 378K, capacity 424K, committed 512K, reserved 1048576K
}
Event: 0.592 GC heap before
{Heap before GC invocations=5 (full 0):
 PSYoungGen      total 139776K, used 139768K [0x000000076c400000, 0x0000000775700000, 0x00000007c0000000)
  eden space 129024K, 100% used [0x000000076c400000,0x0000000774200000,0x0000000774200000)
  from space 10752K, 99% used [0x0000000774c80000,0x00000007756fe0f0,0x0000000775700000)
  to   space 10752K, 0% used [0x0000000774200000,0x0000000774200000,0x0000000774c80000)
 ParOldGen       total 172032K, used 39335K [0x00000006c4c00000, 0x00000006cf400000, 0x000000076c400000)
  object space 172032K, 22% used [0x00000006c4c00000,0x00000006c7269f58,0x00000006cf400000)
 Metaspace       used 3631K, capacity 4664K, committed 4864K, reserved 1056768K
  class space    used 378K, capacity 424K, committed 512K, reserved 1048576K
Event: 0.621 GC heap after
Heap after GC invocations=5 (full 0):
 PSYoungGen      total 139776K, used 10736K [0x000000076c400000, 0x0000000784200000, 0x00000007c0000000)
  eden space 129024K, 0% used [0x000000076c400000,0x000000076c400000,0x0000000774200000)
  from space 10752K, 99% used [0x0000000774200000,0x0000000774c7c120,0x0000000774c80000)
  to   space 66560K, 0% used [0x0000000780100000,0x0000000780100000,0x0000000784200000)
 ParOldGen       total 172032K, used 87996K [0x00000006c4c00000, 0x00000006cf400000, 0x000000076c400000)
  object space 172032K, 51% used [0x00000006c4c00000,0x00000006ca1ef2f8,0x00000006cf400000)
 Metaspace       used 3631K, capacity 4664K, committed 4864K, reserved 1056768K
  class space    used 378K, capacity 424K, committed 512K, reserved 1048576K
}
Event: 0.816 GC heap before
{Heap before GC invocations=6 (full 0):
 PSYoungGen      total 139776K, used 139760K [0x000000076c400000, 0x0000000784200000, 0x00000007c0000000)
  eden space 129024K, 100% used [0x000000076c400000,0x0000000774200000,0x0000000774200000)
  from space 10752K, 99% used [0x0000000774200000,0x0000000774c7c120,0x0000000774c80000)
  to   space 66560K, 0% used [0x0000000780100000,0x0000000780100000,0x0000000784200000)
 ParOldGen       total 172032K, used 87996K [0x00000006c4c00000, 0x00000006cf400000, 0x000000076c400000)
  object space 172032K, 51% used [0x00000006c4c00000,0x00000006ca1ef2f8,0x00000006cf400000)
 Metaspace       used 3631K, capacity 4664K, committed 4864K, reserved 1056768K
  class space    used 378K, capacity 424K, committed 512K, reserved 1048576K
Event: 0.846 GC heap after
Heap after GC invocations=6 (full 0):
 PSYoungGen      total 312832K, used 58097K [0x000000076c400000, 0x0000000785900000, 0x00000007c0000000)
  eden space 246272K, 0% used [0x000000076c400000,0x000000076c400000,0x000000077b480000)
  from space 66560K, 87% used [0x0000000780100000,0x00000007839bc6e0,0x0000000784200000)
  to   space 78336K, 0% used [0x000000077b480000,0x000000077b480000,0x0000000780100000)
 ParOldGen       total 172032K, used 87996K [0x00000006c4c00000, 0x00000006cf400000, 0x000000076c400000)
  object space 172032K, 51% used [0x00000006c4c00000,0x00000006ca1ef2f8,0x00000006cf400000)
 Metaspace       used 3631K, capacity 4664K, committed 4864K, reserved 1056768K
  class space    used 378K, capacity 424K, committed 512K, reserved 1048576K
}
Event: 1.224 GC heap before
{Heap before GC invocations=7 (full 0):
 PSYoungGen      total 312832K, used 304369K [0x000000076c400000, 0x0000000785900000, 0x00000007c0000000)
  eden space 246272K, 100% used [0x000000076c400000,0x000000077b480000,0x000000077b480000)
  from space 66560K, 87% used [0x0000000780100000,0x00000007839bc6e0,0x0000000784200000)
  to   space 78336K, 0% used [0x000000077b480000,0x000000077b480000,0x0000000780100000)
 ParOldGen       total 172032K, used 87996K [0x00000006c4c00000, 0x00000006cf400000, 0x000000076c400000)
  object space 172032K, 51% used [0x00000006c4c00000,0x00000006ca1ef2f8,0x00000006cf400000)
 Metaspace       used 4124K, capacity 4704K, committed 4864K, reserved 1056768K
  class space    used 437K, capacity 464K, committed 512K, reserved 1048576K
Event: 1.276 GC heap after
Heap after GC invocations=7 (full 0):
 PSYoungGen      total 324608K, used 78323K [0x000000076c400000, 0x0000000785900000, 0x00000007c0000000)
  eden space 246272K, 0% used [0x000000076c400000,0x000000076c400000,0x000000077b480000)
  from space 78336K, 99% used [0x000000077b480000,0x00000007800fce80,0x0000000780100000)
  to   space 66560K, 0% used [0x0000000780100000,0x0000000780100000,0x0000000784200000)
 ParOldGen       total 172032K, used 138984K [0x00000006c4c00000, 0x00000006cf400000, 0x000000076c400000)
  object space 172032K, 80% used [0x00000006c4c00000,0x00000006cd3ba140,0x00000006cf400000)
 Metaspace       used 4124K, capacity 4704K, committed 4864K, reserved 1056768K
  class space    used 437K, capacity 464K, committed 512K, reserved 1048576K
}
Event: 1.276 GC heap before
{Heap before GC invocations=8 (full 1):
 PSYoungGen      total 324608K, used 78323K [0x000000076c400000, 0x0000000785900000, 0x00000007c0000000)
  eden space 246272K, 0% used [0x000000076c400000,0x000000076c400000,0x000000077b480000)
  from space 78336K, 99% used [0x000000077b480000,0x00000007800fce80,0x0000000780100000)
  to   space 66560K, 0% used [0x0000000780100000,0x0000000780100000,0x0000000784200000)
 ParOldGen       total 172032K, used 138984K [0x00000006c4c00000, 0x00000006cf400000, 0x000000076c400000)
  object space 172032K, 80% used [0x00000006c4c00000,0x00000006cd3ba140,0x00000006cf400000)
 Metaspace       used 4124K, capacity 4704K, committed 4864K, reserved 1056768K
  class space    used 437K, capacity 464K, committed 512K, reserved 1048576K
Event: 1.480 GC heap after
Heap after GC invocations=8 (full 1):
 PSYoungGen      total 324608K, used 31348K [0x000000076c400000, 0x0000000785900000, 0x00000007c0000000)
  eden space 246272K, 0% used [0x000000076c400000,0x000000076c400000,0x000000077b480000)
  from space 78336K, 40% used [0x000000077b480000,0x000000077d31d048,0x0000000780100000)
  to   space 66560K, 0% used [0x0000000780100000,0x0000000780100000,0x0000000784200000)
 ParOldGen       total 335360K, used 171789K [0x00000006c4c00000, 0x00000006d9380000, 0x000000076c400000)
  object space 335360K, 51% used [0x00000006c4c00000,0x00000006cf3c3620,0x00000006d9380000)
 Metaspace       used 4124K, capacity 4704K, committed 4864K, reserved 1056768K
  class space    used 437K, capacity 464K, committed 512K, reserved 1048576K
}

