# JRE version: Java(TM) SE Runtime Environment (8.0_202-b08) (build 1.8.0_202-b08)
# Java VM: Java HotSpot(TM) 64-Bit Server VM (25.202-b08 mixed mode windows-amd64 compressed oops)
Heap:
 PSYoungGen      total 696320K, used 458949K [0x000000076c400000, 0x0000000798900000, 0x00000007c0000000)
  eden space 668672K, 67% used [0x000000076c400000,0x0000000787fb16f8,0x0000000795100000)
  from space 27648K, 16% used [0x0000000796e00000,0x0000000797280020,0x0000000798900000)
  to   space 28672K, 0% used [0x0000000795100000,0x0000000795100000,0x0000000796d00000)
 ParOldGen       total 172032K, used 135700K [0x00000006c4c00000, 0x00000006cf400000, 0x000000076c400000)
  object space 172032K, 78% used [0x00000006c4c00000,0x00000006cd085150,0x00000006cf400000)
 Metaspace       used 5142K, capacity 5292K, committed 5504K, reserved 1056768K
  class space    used 550K, capacity 634K, committed 640K, reserved 1048576K
GC Heap History (10 events):
Event: 9.733 GC heap before
{Heap before GC invocations=26 (full 0):
 PSYoungGen      total 535040K, used 521824K [0x000000076c400000, 0x0000000798b00000, 0x00000007c0000000)
  eden space 514048K, 100% used [0x000000076c400000,0x000000078ba00000,0x000000078ba00000)
  from space 20992K, 37% used [0x000000078ba00000,0x000000078c198000,0x000000078ce80000)
  to   space 29696K, 0% used [0x0000000796e00000,0x0000000796e00000,0x0000000798b00000)
 ParOldGen       total 172032K, used 117480K [0x00000006c4c00000, 0x00000006cf400000, 0x000000076c400000)
  object space 172032K, 68% used [0x00000006c4c00000,0x00000006cbeba2c0,0x00000006cf400000)
 Metaspace       used 5139K, capacity 5286K, committed 5504K, reserved 1056768K
  class space    used 549K, capacity 633K, committed 640K, reserved 1048576K
Event: 9.737 GC heap after
Heap after GC invocations=26 (full 0):
 PSYoungGen      total 696320K, used 3488K [0x000000076c400000, 0x0000000798900000, 0x00000007c0000000)
  eden space 668672K, 0% used [0x000000076c400000,0x000000076c400000,0x0000000795100000)
  from space 27648K, 12% used [0x0000000796e00000,0x0000000797168000,0x0000000798900000)
  to   space 28672K, 0% used [0x0000000795100000,0x0000000795100000,0x0000000796d00000)
 ParOldGen       total 172032K, used 124642K [0x00000006c4c00000, 0x00000006cf400000, 0x000000076c400000)
  object space 172032K, 72% used [0x00000006c4c00000,0x00000006cc5b8860,0x00000006cf400000)
 Metaspace       used 5139K, capacity 5286K, committed 5504K, reserved 1056768K
  class space    used 549K, capacity 633K, committed 640K, reserved 1048576K
}
Event: 9.974 GC heap before
{Heap before GC invocations=27 (full 0):
 PSYoungGen      total 696320K, used 672160K [0x000000076c400000, 0x0000000798900000, 0x00000007c0000000)
  eden space 668672K, 100% used [0x000000076c400000,0x0000000795100000,0x0000000795100000)
  from space 27648K, 12% used [0x0000000796e00000,0x0000000797168000,0x0000000798900000)
  to   space 28672K, 0% used [0x0000000795100000,0x0000000795100000,0x0000000796d00000)
 ParOldGen       total 172032K, used 124642K [0x00000006c4c00000, 0x00000006cf400000, 0x000000076c400000)
  object space 172032K, 72% used [0x00000006c4c00000,0x00000006cc5b8860,0x00000006cf400000)
 Metaspace       used 5139K, capacity 5286K, committed 5504K, reserved 1056768K
  class space    used 549K, capacity 633K, committed 640K, reserved 1048576K
Event: 9.977 GC heap after
Heap after GC invocations=27 (full 0):
 PSYoungGen      total 697344K, used 2080K [0x000000076c400000, 0x0000000798900000, 0x00000007c0000000)
  eden space 668672K, 0% used [0x000000076c400000,0x000000076c400000,0x0000000795100000)
  from space 28672K, 7% used [0x0000000795100000,0x0000000795308000,0x0000000796d00000)
  to   space 27648K, 0% used [0x0000000796e00000,0x0000000796e00000,0x0000000798900000)
 ParOldGen       total 172032K, used 127702K [0x00000006c4c00000, 0x00000006cf400000, 0x000000076c400000)
  object space 172032K, 74% used [0x00000006c4c00000,0x00000006cc8b5ac0,0x00000006cf400000)
 Metaspace       used 5139K, capacity 5286K, committed 5504K, reserved 1056768K
  class space    used 549K, capacity 633K, committed 640K, reserved 1048576K
}
Event: 10.222 GC heap before
{Heap before GC invocations=28 (full 0):
 PSYoungGen      total 697344K, used 670752K [0x000000076c400000, 0x0000000798900000, 0x00000007c0000000)
  eden space 668672K, 100% used [0x000000076c400000,0x0000000795100000,0x0000000795100000)
  from space 28672K, 7% used [0x0000000795100000,0x0000000795308000,0x0000000796d00000)
  to   space 27648K, 0% used [0x0000000796e00000,0x0000000796e00000,0x0000000798900000)
 ParOldGen       total 172032K, used 127702K [0x00000006c4c00000, 0x00000006cf400000, 0x000000076c400000)
  object space 172032K, 74% used [0x00000006c4c00000,0x00000006cc8b5ac0,0x00000006cf400000)
 Metaspace       used 5139K, capacity 5286K, committed 5504K, reserved 1056768K
  class space    used 549K, capacity 633K, committed 640K, reserved 1048576K
Event: 10.225 GC heap after
Heap after GC invocations=28 (full 0):
 PSYoungGen      total 696320K, used 3248K [0x000000076c400000, 0x0000000798900000, 0x00000007c0000000)
  eden space 668672K, 0% used [0x000000076c400000,0x000000076c400000,0x0000000795100000)
  from space 27648K, 11% used [0x0000000796e00000,0x000000079712c010,0x0000000798900000)
  to   space 28672K, 0% used [0x0000000795100000,0x0000000795100000,0x0000000796d00000)
 ParOldGen       total 172032K, used 129350K [0x00000006c4c00000, 0x00000006cf400000, 0x000000076c400000)
  object space 172032K, 75% used [0x00000006c4c00000,0x00000006cca51bc0,0x00000006cf400000)
 Metaspace       used 5139K, capacity 5286K, committed 5504K, reserved 1056768K
  class space    used 549K, capacity 633K, committed 640K, reserved 1048576K
}
Event: 10.489 GC heap before
{Heap before GC invocations=29 (full 0):
 PSYoungGen      total 696320K, used 671920K [0x000000076c400000, 0x0000000798900000, 0x00000007c0000000)
  eden space 668672K, 100% used [0x000000076c400000,0x0000000795100000,0x0000000795100000)
  from space 27648K, 11% used [0x0000000796e00000,0x000000079712c010,0x0000000798900000)
  to   space 28672K, 0% used [0x0000000795100000,0x0000000795100000,0x0000000796d00000)
 ParOldGen       total 172032K, used 129350K [0x00000006c4c00000, 0x00000006cf400000, 0x000000076c400000)
  object space 172032K, 75% used [0x00000006c4c00000,0x00000006cca51bc0,0x00000006cf400000)
 Metaspace       used 5139K, capacity 5286K, committed 5504K, reserved 1056768K
  class space    used 549K, capacity 633K, committed 640K, reserved 1048576K
Event: 10.494 GC heap after
Heap after GC invocations=29 (full 0):
 PSYoungGen      total 697344K, used 4336K [0x000000076c400000, 0x0000000798900000, 0x00000007c0000000)
  eden space 668672K, 0% used [0x000000076c400000,0x000000076c400000,0x0000000795100000)
  from space 28672K, 15% used [0x0000000795100000,0x000000079553c030,0x0000000796d00000)
  to   space 27648K, 0% used [0x0000000796e00000,0x0000000796e00000,0x0000000798900000)
 ParOldGen       total 172032K, used 132063K [0x00000006c4c00000, 0x00000006cf400000, 0x000000076c400000)
  object space 172032K, 76% used [0x00000006c4c00000,0x00000006cccf7dc0,0x00000006cf400000)
 Metaspace       used 5139K, capacity 5286K, committed 5504K, reserved 1056768K
  class space    used 549K, capacity 633K, committed 640K, reserved 1048576K
}
Event: 10.815 GC heap before
{Heap before GC invocations=30 (full 0):
 PSYoungGen      total 697344K, used 673008K [0x000000076c400000, 0x0000000798900000, 0x00000007c0000000)
  eden space 668672K, 100% used [0x000000076c400000,0x0000000795100000,0x0000000795100000)
  from space 28672K, 15% used [0x0000000795100000,0x000000079553c030,0x0000000796d00000)
  to   space 27648K, 0% used [0x0000000796e00000,0x0000000796e00000,0x0000000798900000)
 ParOldGen       total 172032K, used 132063K [0x00000006c4c00000, 0x00000006cf400000, 0x000000076c400000)
  object space 172032K, 76% used [0x00000006c4c00000,0x00000006cccf7dc0,0x00000006cf400000)
 Metaspace       used 5139K, capacity 5286K, committed 5504K, reserved 1056768K
  class space    used 549K, capacity 633K, committed 640K, reserved 1048576K
Event: 10.821 GC heap after
Heap after GC invocations=30 (full 0):
 PSYoungGen      total 696320K, used 4608K [0x000000076c400000, 0x0000000798900000, 0x00000007c0000000)
  eden space 668672K, 0% used [0x000000076c400000,0x000000076c400000,0x0000000795100000)
  from space 27648K, 16% used [0x0000000796e00000,0x0000000797280020,0x0000000798900000)
  to   space 28672K, 0% used [0x0000000795100000,0x0000000795100000,0x0000000796d00000)
 ParOldGen       total 172032K, used 135700K [0x00000006c4c00000, 0x00000006cf400000, 0x000000076c400000)
  object space 172032K, 78% used [0x00000006c4c00000,0x00000006cd085150,0x00000006cf400000)
 Metaspace       used 5139K, capacity 5286K, committed 5504K, reserved 1056768K
  class space    used 549K, capacity 633K, committed 640K, reserved 1048576K
}

